<?xml version="1.0" encoding="UTF-8"?>
<!-- Generated by org.testng.reporters.JUnitXMLReporter -->
<testsuite ignored="0" hostname="DESKTOP-5TLNN6V" failures="0" tests="3" name="Default test" time="9.348" errors="0" timestamp="17 Mar 2023 10:46:52 GMT">
  <testcase classname="com.qa.opencart.test.HomePageTest" name="homePageTitleTest" time="0.019"/>
  <testcase classname="com.qa.opencart.test.HomePageTest" name="homepageUrlTest" time="0.003"/>
  <testcase classname="com.qa.opencart.test.HomePageTest" name="searchTest" time="0.572"/>
</testsuite> <!-- Default test -->
