<?xml version="1.0" encoding="UTF-8"?>
<testng-results ignored="0" total="3" passed="3" failed="0" skipped="0">
  <reporter-output>
  </reporter-output>
  <suite started-at="2023-03-17T10:46:42Z" name="Default suite" finished-at="2023-03-17T10:46:52Z" duration-ms="9348">
    <groups>
    </groups>
    <test started-at="2023-03-17T10:46:42Z" name="Default test" finished-at="2023-03-17T10:46:52Z" duration-ms="9348">
      <class name="com.qa.opencart.test.HomePageTest">
        <test-method is-config="true" signature="setUp()[pri:0, instance:com.qa.opencart.test.HomePageTest@7cbd9d24]" started-at="2023-03-17T10:46:42Z" name="setUp" finished-at="2023-03-17T10:46:51Z" duration-ms="8289" status="PASS">
          <reporter-output>
          </reporter-output>
        </test-method> <!-- setUp -->
        <test-method signature="homePageTitleTest()[pri:0, instance:com.qa.opencart.test.HomePageTest@7cbd9d24]" started-at="2023-03-17T10:46:51Z" name="homePageTitleTest" finished-at="2023-03-17T10:46:51Z" duration-ms="19" status="PASS">
          <reporter-output>
          </reporter-output>
        </test-method> <!-- homePageTitleTest -->
        <test-method signature="homepageUrlTest()[pri:0, instance:com.qa.opencart.test.HomePageTest@7cbd9d24]" started-at="2023-03-17T10:46:51Z" name="homepageUrlTest" finished-at="2023-03-17T10:46:51Z" duration-ms="3" status="PASS">
          <reporter-output>
          </reporter-output>
        </test-method> <!-- homepageUrlTest -->
        <test-method signature="searchTest()[pri:0, instance:com.qa.opencart.test.HomePageTest@7cbd9d24]" started-at="2023-03-17T10:46:51Z" name="searchTest" finished-at="2023-03-17T10:46:51Z" duration-ms="572" status="PASS">
          <reporter-output>
          </reporter-output>
        </test-method> <!-- searchTest -->
        <test-method is-config="true" signature="tearDown()[pri:0, instance:com.qa.opencart.test.HomePageTest@7cbd9d24]" started-at="2023-03-17T10:46:51Z" name="tearDown" finished-at="2023-03-17T10:46:52Z" duration-ms="441" status="PASS">
          <reporter-output>
          </reporter-output>
        </test-method> <!-- tearDown -->
      </class> <!-- com.qa.opencart.test.HomePageTest -->
    </test> <!-- Default test -->
  </suite> <!-- Default suite -->
</testng-results>
